<?xml version="1.0" encoding="UTF-8"?>
<!-- Generated by org.testng.reporters.JUnitReportReporter -->
<testsuite hostname="TasmanianTiger" failures="0" tests="1" name="com.Flipkart.Runner.FlipkartMobileRunner" time="66.593" errors="0" timestamp="22 Jul 2021 08:23:14 GMT" skipped="0">
  <testcase classname="com.Flipkart.Runner.FlipkartMobileRunner" name="features" time="66.593"/>
</testsuite> <!-- com.Flipkart.Runner.FlipkartMobileRunner -->
