<?xml version="1.0" encoding="UTF-8"?>
<!-- Generated by org.testng.reporters.JUnitReportReporter -->
<testsuite hostname="TasmanianTiger" failures="0" tests="1" name="com.Flipkart.Runner.FlipkartMobileRunner" time="26.518" errors="0" timestamp="22 Jul 2021 07:30:55 GMT" skipped="0">
  <testcase classname="com.Flipkart.Runner.FlipkartMobileRunner" name="features" time="26.518"/>
</testsuite> <!-- com.Flipkart.Runner.FlipkartMobileRunner -->
